have_func: checking for rb_thread_blocking_region()... -------------------- yes

"/usr/local/opt/apple-gcc42/bin/gcc-4.2 -o conftest -I/Users/cdiaz/.rvm/rubies/ruby-1.9.3-p448/include/ruby-1.9.1/x86_64-darwin12.5.0 -I/Users/cdiaz/.rvm/rubies/ruby-1.9.3-p448/include/ruby-1.9.1/ruby/backward -I/Users/cdiaz/.rvm/rubies/ruby-1.9.3-p448/include/ruby-1.9.1 -I. -D_XOPEN_SOURCE -D_DARWIN_C_SOURCE   -I/usr/local/opt/libyaml/include -I/usr/local/opt/readline/include -I/usr/local/opt/libksba/include -I/usr/local/opt/openssl/include  -O3 -ggdb -Wall -Wextra -Wno-unused-parameter -Wno-parentheses -Wno-long-long -Wno-missing-field-initializers -Wpointer-arith -Wwrite-strings -Wdeclaration-after-statement -Wshorten-64-to-32 -Wimplicit-function-declaration  -fno-common -pipe conftest.c  -L. -L/Users/cdiaz/.rvm/rubies/ruby-1.9.3-p448/lib -L/usr/local/opt/libyaml/lib -L/usr/local/opt/readline/lib -L/usr/local/opt/libksba/lib -L/usr/local/opt/openssl/lib -L.  -L/usr/local/opt/libyaml/lib -L/usr/local/opt/readline/lib -L/usr/local/opt/libksba/lib -L/usr/local/opt/openssl/lib      -lruby.1.9.1  -lpthread -ldl -lobjc "
checked program was:
/* begin */
1: #include "ruby.h"
2: 
3: int main(int argc, char **argv)
4: {
5:   return 0;
6: }
/* end */

"/usr/local/opt/apple-gcc42/bin/gcc-4.2 -o conftest -I/Users/cdiaz/.rvm/rubies/ruby-1.9.3-p448/include/ruby-1.9.1/x86_64-darwin12.5.0 -I/Users/cdiaz/.rvm/rubies/ruby-1.9.3-p448/include/ruby-1.9.1/ruby/backward -I/Users/cdiaz/.rvm/rubies/ruby-1.9.3-p448/include/ruby-1.9.1 -I. -D_XOPEN_SOURCE -D_DARWIN_C_SOURCE   -I/usr/local/opt/libyaml/include -I/usr/local/opt/readline/include -I/usr/local/opt/libksba/include -I/usr/local/opt/openssl/include  -O3 -ggdb -Wall -Wextra -Wno-unused-parameter -Wno-parentheses -Wno-long-long -Wno-missing-field-initializers -Wpointer-arith -Wwrite-strings -Wdeclaration-after-statement -Wshorten-64-to-32 -Wimplicit-function-declaration  -fno-common -pipe conftest.c  -L. -L/Users/cdiaz/.rvm/rubies/ruby-1.9.3-p448/lib -L/usr/local/opt/libyaml/lib -L/usr/local/opt/readline/lib -L/usr/local/opt/libksba/lib -L/usr/local/opt/openssl/lib -L.  -L/usr/local/opt/libyaml/lib -L/usr/local/opt/readline/lib -L/usr/local/opt/libksba/lib -L/usr/local/opt/openssl/lib      -lruby.1.9.1  -lpthread -ldl -lobjc "
checked program was:
/* begin */
 1: #include "ruby.h"
 2: 
 3: /*top*/
 4: int t() { void ((*volatile p)()); p = (void ((*)()))rb_thread_blocking_region; return 0; }
 5: int main(int argc, char **argv)
 6: {
 7:   if (argc > 1000000) {
 8:     printf("%p", &t);
 9:   }
10: 
11:   return 0;
12: }
/* end */

--------------------

have_header: checking for sys/select.h... -------------------- yes

"/usr/local/opt/apple-gcc42/bin/gcc-4.2 -E -I/Users/cdiaz/.rvm/rubies/ruby-1.9.3-p448/include/ruby-1.9.1/x86_64-darwin12.5.0 -I/Users/cdiaz/.rvm/rubies/ruby-1.9.3-p448/include/ruby-1.9.1/ruby/backward -I/Users/cdiaz/.rvm/rubies/ruby-1.9.3-p448/include/ruby-1.9.1 -I. -D_XOPEN_SOURCE -D_DARWIN_C_SOURCE   -I/usr/local/opt/libyaml/include -I/usr/local/opt/readline/include -I/usr/local/opt/libksba/include -I/usr/local/opt/openssl/include  -O3 -ggdb -Wall -Wextra -Wno-unused-parameter -Wno-parentheses -Wno-long-long -Wno-missing-field-initializers -Wpointer-arith -Wwrite-strings -Wdeclaration-after-statement -Wshorten-64-to-32 -Wimplicit-function-declaration  -fno-common -pipe  conftest.c -o conftest.i"
checked program was:
/* begin */
1: #include "ruby.h"
2: 
3: #include <sys/select.h>
/* end */

--------------------

have_header: checking for poll.h... -------------------- yes

"/usr/local/opt/apple-gcc42/bin/gcc-4.2 -E -I/Users/cdiaz/.rvm/rubies/ruby-1.9.3-p448/include/ruby-1.9.1/x86_64-darwin12.5.0 -I/Users/cdiaz/.rvm/rubies/ruby-1.9.3-p448/include/ruby-1.9.1/ruby/backward -I/Users/cdiaz/.rvm/rubies/ruby-1.9.3-p448/include/ruby-1.9.1 -I. -D_XOPEN_SOURCE -D_DARWIN_C_SOURCE   -I/usr/local/opt/libyaml/include -I/usr/local/opt/readline/include -I/usr/local/opt/libksba/include -I/usr/local/opt/openssl/include  -O3 -ggdb -Wall -Wextra -Wno-unused-parameter -Wno-parentheses -Wno-long-long -Wno-missing-field-initializers -Wpointer-arith -Wwrite-strings -Wdeclaration-after-statement -Wshorten-64-to-32 -Wimplicit-function-declaration  -fno-common -pipe  conftest.c -o conftest.i"
checked program was:
/* begin */
1: #include "ruby.h"
2: 
3: #include <poll.h>
/* end */

--------------------

have_header: checking for sys/epoll.h... -------------------- no

"/usr/local/opt/apple-gcc42/bin/gcc-4.2 -E -I/Users/cdiaz/.rvm/rubies/ruby-1.9.3-p448/include/ruby-1.9.1/x86_64-darwin12.5.0 -I/Users/cdiaz/.rvm/rubies/ruby-1.9.3-p448/include/ruby-1.9.1/ruby/backward -I/Users/cdiaz/.rvm/rubies/ruby-1.9.3-p448/include/ruby-1.9.1 -I. -D_XOPEN_SOURCE -D_DARWIN_C_SOURCE   -I/usr/local/opt/libyaml/include -I/usr/local/opt/readline/include -I/usr/local/opt/libksba/include -I/usr/local/opt/openssl/include  -O3 -ggdb -Wall -Wextra -Wno-unused-parameter -Wno-parentheses -Wno-long-long -Wno-missing-field-initializers -Wpointer-arith -Wwrite-strings -Wdeclaration-after-statement -Wshorten-64-to-32 -Wimplicit-function-declaration  -fno-common -pipe  conftest.c -o conftest.i"
conftest.c:3:23: error: sys/epoll.h: No such file or directory
checked program was:
/* begin */
1: #include "ruby.h"
2: 
3: #include <sys/epoll.h>
/* end */

--------------------

have_header: checking for sys/event.h... -------------------- yes

"/usr/local/opt/apple-gcc42/bin/gcc-4.2 -E -I/Users/cdiaz/.rvm/rubies/ruby-1.9.3-p448/include/ruby-1.9.1/x86_64-darwin12.5.0 -I/Users/cdiaz/.rvm/rubies/ruby-1.9.3-p448/include/ruby-1.9.1/ruby/backward -I/Users/cdiaz/.rvm/rubies/ruby-1.9.3-p448/include/ruby-1.9.1 -I. -D_XOPEN_SOURCE -D_DARWIN_C_SOURCE   -I/usr/local/opt/libyaml/include -I/usr/local/opt/readline/include -I/usr/local/opt/libksba/include -I/usr/local/opt/openssl/include  -O3 -ggdb -Wall -Wextra -Wno-unused-parameter -Wno-parentheses -Wno-long-long -Wno-missing-field-initializers -Wpointer-arith -Wwrite-strings -Wdeclaration-after-statement -Wshorten-64-to-32 -Wimplicit-function-declaration  -fno-common -pipe  conftest.c -o conftest.i"
checked program was:
/* begin */
1: #include "ruby.h"
2: 
3: #include <sys/event.h>
/* end */

--------------------

have_header: checking for sys/queue.h... -------------------- yes

"/usr/local/opt/apple-gcc42/bin/gcc-4.2 -E -I/Users/cdiaz/.rvm/rubies/ruby-1.9.3-p448/include/ruby-1.9.1/x86_64-darwin12.5.0 -I/Users/cdiaz/.rvm/rubies/ruby-1.9.3-p448/include/ruby-1.9.1/ruby/backward -I/Users/cdiaz/.rvm/rubies/ruby-1.9.3-p448/include/ruby-1.9.1 -I. -D_XOPEN_SOURCE -D_DARWIN_C_SOURCE   -I/usr/local/opt/libyaml/include -I/usr/local/opt/readline/include -I/usr/local/opt/libksba/include -I/usr/local/opt/openssl/include  -O3 -ggdb -Wall -Wextra -Wno-unused-parameter -Wno-parentheses -Wno-long-long -Wno-missing-field-initializers -Wpointer-arith -Wwrite-strings -Wdeclaration-after-statement -Wshorten-64-to-32 -Wimplicit-function-declaration  -fno-common -pipe  conftest.c -o conftest.i"
checked program was:
/* begin */
1: #include "ruby.h"
2: 
3: #include <sys/queue.h>
/* end */

--------------------

have_header: checking for port.h... -------------------- no

"/usr/local/opt/apple-gcc42/bin/gcc-4.2 -E -I/Users/cdiaz/.rvm/rubies/ruby-1.9.3-p448/include/ruby-1.9.1/x86_64-darwin12.5.0 -I/Users/cdiaz/.rvm/rubies/ruby-1.9.3-p448/include/ruby-1.9.1/ruby/backward -I/Users/cdiaz/.rvm/rubies/ruby-1.9.3-p448/include/ruby-1.9.1 -I. -D_XOPEN_SOURCE -D_DARWIN_C_SOURCE   -I/usr/local/opt/libyaml/include -I/usr/local/opt/readline/include -I/usr/local/opt/libksba/include -I/usr/local/opt/openssl/include  -O3 -ggdb -Wall -Wextra -Wno-unused-parameter -Wno-parentheses -Wno-long-long -Wno-missing-field-initializers -Wpointer-arith -Wwrite-strings -Wdeclaration-after-statement -Wshorten-64-to-32 -Wimplicit-function-declaration  -fno-common -pipe  conftest.c -o conftest.i"
conftest.c:3:18: error: port.h: No such file or directory
checked program was:
/* begin */
1: #include "ruby.h"
2: 
3: #include <port.h>
/* end */

--------------------

have_header: checking for sys/resource.h... -------------------- yes

"/usr/local/opt/apple-gcc42/bin/gcc-4.2 -E -I/Users/cdiaz/.rvm/rubies/ruby-1.9.3-p448/include/ruby-1.9.1/x86_64-darwin12.5.0 -I/Users/cdiaz/.rvm/rubies/ruby-1.9.3-p448/include/ruby-1.9.1/ruby/backward -I/Users/cdiaz/.rvm/rubies/ruby-1.9.3-p448/include/ruby-1.9.1 -I. -D_XOPEN_SOURCE -D_DARWIN_C_SOURCE   -I/usr/local/opt/libyaml/include -I/usr/local/opt/readline/include -I/usr/local/opt/libksba/include -I/usr/local/opt/openssl/include  -O3 -ggdb -Wall -Wextra -Wno-unused-parameter -Wno-parentheses -Wno-long-long -Wno-missing-field-initializers -Wpointer-arith -Wwrite-strings -Wdeclaration-after-statement -Wshorten-64-to-32 -Wimplicit-function-declaration  -fno-common -pipe  conftest.c -o conftest.i"
checked program was:
/* begin */
1: #include "ruby.h"
2: 
3: #include <sys/resource.h>
/* end */

--------------------

